<?xml version="1.0" encoding="UTF-8"?>
<!-- Generated by org.testng.reporters.JUnitReportReporter -->
<testsuite hostname="SravanBugga" failures="0" tests="1" name="Day1.DynamicJson" time="3.489" errors="0" timestamp="2024-10-23T02:18:10 IST" skipped="0">
  <testcase classname="Day1.DynamicJson" name="addbook" time="3.489"/>
</testsuite> <!-- Day1.DynamicJson -->
